# JRE version: Java(TM) SE Runtime Environment (10.0.1+10) (build 10.0.1+10)
# Java VM: Java HotSpot(TM) 64-Bit Server VM (10.0.1+10, mixed mode, tiered, compressed oops, g1 gc, windows-amd64)
Heap:
 garbage-first heap   total 366592K, used 161003K [0x00000000c1a00000, 0x0000000100000000)
  region size 1024K, 1 young (1024K), 0 survivors (0K)
 Metaspace       used 3715K, capacity 4664K, committed 4864K, reserved 1056768K
  class space    used 364K, capacity 424K, committed 512K, reserved 1048576K
GC Heap History (10 events):
Event: 9245.637 GC heap after
{Heap after GC invocations=159384 (full 0):
 garbage-first heap   total 366592K, used 14059K [0x00000000c1a00000, 0x0000000100000000)
  region size 1024K, 1 young (1024K), 1 survivors (1024K)
 Metaspace       used 3715K, capacity 4664K, committed 4864K, reserved 1056768K
  class space    used 364K, capacity 424K, committed 512K, reserved 1048576K
}
Event: 9245.838 GC heap before
{Heap before GC invocations=159385 (full 0):
 garbage-first heap   total 366592K, used 160491K [0x00000000c1a00000, 0x0000000100000000)
  region size 1024K, 2 young (2048K), 1 survivors (1024K)
 Metaspace       used 3715K, capacity 4664K, committed 4864K, reserved 1056768K
  class space    used 364K, capacity 424K, committed 512K, reserved 1048576K
}
Event: 9245.839 GC heap after
{Heap after GC invocations=159386 (full 0):
 garbage-first heap   total 366592K, used 40683K [0x00000000c1a00000, 0x0000000100000000)
  region size 1024K, 1 young (1024K), 1 survivors (1024K)
 Metaspace       used 3715K, capacity 4664K, committed 4864K, reserved 1056768K
  class space    used 364K, capacity 424K, committed 512K, reserved 1048576K
}
Event: 9245.991 GC heap before
{Heap before GC invocations=159387 (full 0):
 garbage-first heap   total 366592K, used 160491K [0x00000000c1a00000, 0x0000000100000000)
  region size 1024K, 2 young (2048K), 1 survivors (1024K)
 Metaspace       used 3715K, capacity 4664K, committed 4864K, reserved 1056768K
  class space    used 364K, capacity 424K, committed 512K, reserved 1048576K
}
Event: 9245.994 GC heap after
{Heap after GC invocations=159388 (full 0):
 garbage-first heap   total 366592K, used 14059K [0x00000000c1a00000, 0x0000000100000000)
  region size 1024K, 1 young (1024K), 1 survivors (1024K)
 Metaspace       used 3715K, capacity 4664K, committed 4864K, reserved 1056768K
  class space    used 364K, capacity 424K, committed 512K, reserved 1048576K
}
Event: 9246.162 GC heap before
{Heap before GC invocations=159389 (full 0):
 garbage-first heap   total 366592K, used 160491K [0x00000000c1a00000, 0x0000000100000000)
  region size 1024K, 2 young (2048K), 1 survivors (1024K)
 Metaspace       used 3715K, capacity 4664K, committed 4864K, reserved 1056768K
  class space    used 364K, capacity 424K, committed 512K, reserved 1048576K
}
Event: 9246.163 GC heap after
{Heap after GC invocations=159390 (full 0):
 garbage-first heap   total 366592K, used 40683K [0x00000000c1a00000, 0x0000000100000000)
  region size 1024K, 1 young (1024K), 1 survivors (1024K)
 Metaspace       used 3715K, capacity 4664K, committed 4864K, reserved 1056768K
  class space    used 364K, capacity 424K, committed 512K, reserved 1048576K
}
Event: 9246.315 GC heap before
{Heap before GC invocations=159391 (full 0):
 garbage-first heap   total 366592K, used 160491K [0x00000000c1a00000, 0x0000000100000000)
  region size 1024K, 2 young (2048K), 1 survivors (1024K)
 Metaspace       used 3715K, capacity 4664K, committed 4864K, reserved 1056768K
  class space    used 364K, capacity 424K, committed 512K, reserved 1048576K
}
Event: 9246.317 GC heap after
{Heap after GC invocations=159392 (full 0):
 garbage-first heap   total 366592K, used 14059K [0x00000000c1a00000, 0x0000000100000000)
  region size 1024K, 1 young (1024K), 1 survivors (1024K)
 Metaspace       used 3715K, capacity 4664K, committed 4864K, reserved 1056768K
  class space    used 364K, capacity 424K, committed 512K, reserved 1048576K
}
Event: 9246.520 GC heap before
{Heap before GC invocations=159393 (full 0):
 garbage-first heap   total 366592K, used 160491K [0x00000000c1a00000, 0x0000000100000000)
  region size 1024K, 2 young (2048K), 1 survivors (1024K)
 Metaspace       used 3715K, capacity 4664K, committed 4864K, reserved 1056768K
  class space    used 364K, capacity 424K, committed 512K, reserved 1048576K
}

